<?xml version="1.0" encoding="UTF-8"?>
<testng-results ignored="0" total="1" passed="1" failed="0" skipped="0">
  <reporter-output>
  </reporter-output>
  <suite started-at="2024-03-11T12:29:29 IST" name="Default suite" finished-at="2024-03-11T12:29:47 IST" duration-ms="18224">
    <groups>
    </groups>
    <test started-at="2024-03-11T12:29:29 IST" name="Default test" finished-at="2024-03-11T12:29:47 IST" duration-ms="18224">
      <class name="BuyProductTestCase.BuyProduct">
        <test-method is-config="true" signature="launchApplication()[pri:0, instance:BuyProductTestCase.BuyProduct@548d708a]" started-at="2024-03-11T12:29:29 IST" name="launchApplication" finished-at="2024-03-11T12:29:34 IST" duration-ms="4837" status="PASS">
          <reporter-output>
          </reporter-output>
        </test-method> <!-- launchApplication -->
        <test-method signature="Test()[pri:0, instance:BuyProductTestCase.BuyProduct@548d708a]" started-at="2024-03-11T12:29:34 IST" name="Test" finished-at="2024-03-11T12:29:47 IST" duration-ms="13113" status="PASS">
          <reporter-output>
          </reporter-output>
        </test-method> <!-- Test -->
        <test-method is-config="true" signature="closeApplication()[pri:0, instance:BuyProductTestCase.BuyProduct@548d708a]" started-at="2024-03-11T12:29:47 IST" name="closeApplication" finished-at="2024-03-11T12:29:47 IST" duration-ms="0" status="PASS">
          <reporter-output>
          </reporter-output>
        </test-method> <!-- closeApplication -->
      </class> <!-- BuyProductTestCase.BuyProduct -->
    </test> <!-- Default test -->
  </suite> <!-- Default suite -->
</testng-results>
